  #6.cpp
C:\Users\user\Desktop\DSAlgorithms\자료구조와 알고리즘_이채훈\실습보고서 1차\연습문제 #6\#6.cpp(4,14): error C4430: 형식 지정자가 없습니다. int로 가정합니다. 참고: C++에서는 기본 int를 지원하지 않습니다.
C:\Users\user\Desktop\DSAlgorithms\자료구조와 알고리즘_이채훈\실습보고서 1차\연습문제 #6\#6.cpp(4,14): error C2146: 구문 오류: ';'이(가) 'client_account' 식별자 앞에 없습니다.
C:\Users\user\Desktop\DSAlgorithms\자료구조와 알고리즘_이채훈\실습보고서 1차\연습문제 #6\#6.cpp(4,29): error C2059: 구문 오류: '='
C:\Users\user\Desktop\DSAlgorithms\자료구조와 알고리즘_이채훈\실습보고서 1차\연습문제 #6\#6.cpp(5,14): error C4430: 형식 지정자가 없습니다. int로 가정합니다. 참고: C++에서는 기본 int를 지원하지 않습니다.
C:\Users\user\Desktop\DSAlgorithms\자료구조와 알고리즘_이채훈\실습보고서 1차\연습문제 #6\#6.cpp(5,7): error C2086: 'const int string': 재정의
C:\Users\user\Desktop\DSAlgorithms\자료구조와 알고리즘_이채훈\실습보고서 1차\연습문제 #6\#6.cpp(4,7): message : 'string' 선언을 참조하십시오.
C:\Users\user\Desktop\DSAlgorithms\자료구조와 알고리즘_이채훈\실습보고서 1차\연습문제 #6\#6.cpp(5,14): error C2146: 구문 오류: ';'이(가) 'client_pass' 식별자 앞에 없습니다.
C:\Users\user\Desktop\DSAlgorithms\자료구조와 알고리즘_이채훈\실습보고서 1차\연습문제 #6\#6.cpp(5,26): error C2059: 구문 오류: '='
C:\Users\user\Desktop\DSAlgorithms\자료구조와 알고리즘_이채훈\실습보고서 1차\연습문제 #6\#6.cpp(6,14): error C4430: 형식 지정자가 없습니다. int로 가정합니다. 참고: C++에서는 기본 int를 지원하지 않습니다.
C:\Users\user\Desktop\DSAlgorithms\자료구조와 알고리즘_이채훈\실습보고서 1차\연습문제 #6\#6.cpp(6,7): error C2086: 'const int string': 재정의
C:\Users\user\Desktop\DSAlgorithms\자료구조와 알고리즘_이채훈\실습보고서 1차\연습문제 #6\#6.cpp(4,7): message : 'string' 선언을 참조하십시오.
C:\Users\user\Desktop\DSAlgorithms\자료구조와 알고리즘_이채훈\실습보고서 1차\연습문제 #6\#6.cpp(6,14): error C2146: 구문 오류: ';'이(가) 'client_name' 식별자 앞에 없습니다.
C:\Users\user\Desktop\DSAlgorithms\자료구조와 알고리즘_이채훈\실습보고서 1차\연습문제 #6\#6.cpp(6,26): error C2059: 구문 오류: '='
C:\Users\user\Desktop\DSAlgorithms\자료구조와 알고리즘_이채훈\실습보고서 1차\연습문제 #6\#6.cpp(13,2): error C2872: 'string': 모호한 기호입니다.
C:\Users\user\Desktop\DSAlgorithms\자료구조와 알고리즘_이채훈\실습보고서 1차\연습문제 #6\#6.cpp(4,7): message : 'const int string'일 수 있습니다.
C:\Program Files\Microsoft Visual Studio\2022\Community\VC\Tools\MSVC\14.37.32822\include\xstring(5119,19): message : 또는       'std::string'
C:\Users\user\Desktop\DSAlgorithms\자료구조와 알고리즘_이채훈\실습보고서 1차\연습문제 #6\#6.cpp(13,9): error C3646: 'name': 알 수 없는 재정의 지정자입니다.
C:\Users\user\Desktop\DSAlgorithms\자료구조와 알고리즘_이채훈\실습보고서 1차\연습문제 #6\#6.cpp(13,13): error C4430: 형식 지정자가 없습니다. int로 가정합니다. 참고: C++에서는 기본 int를 지원하지 않습니다.
C:\Users\user\Desktop\DSAlgorithms\자료구조와 알고리즘_이채훈\실습보고서 1차\연습문제 #6\#6.cpp(14,2): error C2872: 'string': 모호한 기호입니다.
C:\Users\user\Desktop\DSAlgorithms\자료구조와 알고리즘_이채훈\실습보고서 1차\연습문제 #6\#6.cpp(4,7): message : 'const int string'일 수 있습니다.
C:\Program Files\Microsoft Visual Studio\2022\Community\VC\Tools\MSVC\14.37.32822\include\xstring(5119,19): message : 또는       'std::string'
C:\Users\user\Desktop\DSAlgorithms\자료구조와 알고리즘_이채훈\실습보고서 1차\연습문제 #6\#6.cpp(14,9): error C3646: 'account': 알 수 없는 재정의 지정자입니다.
C:\Users\user\Desktop\DSAlgorithms\자료구조와 알고리즘_이채훈\실습보고서 1차\연습문제 #6\#6.cpp(14,16): error C4430: 형식 지정자가 없습니다. int로 가정합니다. 참고: C++에서는 기본 int를 지원하지 않습니다.
C:\Users\user\Desktop\DSAlgorithms\자료구조와 알고리즘_이채훈\실습보고서 1차\연습문제 #6\#6.cpp(15,2): error C2872: 'string': 모호한 기호입니다.
C:\Users\user\Desktop\DSAlgorithms\자료구조와 알고리즘_이채훈\실습보고서 1차\연습문제 #6\#6.cpp(4,7): message : 'const int string'일 수 있습니다.
C:\Program Files\Microsoft Visual Studio\2022\Community\VC\Tools\MSVC\14.37.32822\include\xstring(5119,19): message : 또는       'std::string'
C:\Users\user\Desktop\DSAlgorithms\자료구조와 알고리즘_이채훈\실습보고서 1차\연습문제 #6\#6.cpp(15,9): error C3646: 'pass': 알 수 없는 재정의 지정자입니다.
C:\Users\user\Desktop\DSAlgorithms\자료구조와 알고리즘_이채훈\실습보고서 1차\연습문제 #6\#6.cpp(15,13): error C4430: 형식 지정자가 없습니다. int로 가정합니다. 참고: C++에서는 기본 int를 지원하지 않습니다.
C:\Users\user\Desktop\DSAlgorithms\자료구조와 알고리즘_이채훈\실습보고서 1차\연습문제 #6\#6.cpp(20,15): error C2872: 'string': 모호한 기호입니다.
C:\Users\user\Desktop\DSAlgorithms\자료구조와 알고리즘_이채훈\실습보고서 1차\연습문제 #6\#6.cpp(4,7): message : 'const int string'일 수 있습니다.
C:\Program Files\Microsoft Visual Studio\2022\Community\VC\Tools\MSVC\14.37.32822\include\xstring(5119,19): message : 또는       'std::string'
C:\Users\user\Desktop\DSAlgorithms\자료구조와 알고리즘_이채훈\실습보고서 1차\연습문제 #6\#6.cpp(20,15): error C2061: 구문 오류: 식별자 'string'
C:\Users\user\Desktop\DSAlgorithms\자료구조와 알고리즘_이채훈\실습보고서 1차\연습문제 #6\#6.cpp(22,15): error C2872: 'string': 모호한 기호입니다.
C:\Users\user\Desktop\DSAlgorithms\자료구조와 알고리즘_이채훈\실습보고서 1차\연습문제 #6\#6.cpp(4,7): message : 'const int string'일 수 있습니다.
C:\Program Files\Microsoft Visual Studio\2022\Community\VC\Tools\MSVC\14.37.32822\include\xstring(5119,19): message : 또는       'std::string'
C:\Users\user\Desktop\DSAlgorithms\자료구조와 알고리즘_이채훈\실습보고서 1차\연습문제 #6\#6.cpp(22,15): error C2061: 구문 오류: 식별자 'string'
C:\Users\user\Desktop\DSAlgorithms\자료구조와 알고리즘_이채훈\실습보고서 1차\연습문제 #6\#6.cpp(30,2): error C2872: 'string': 모호한 기호입니다.
C:\Users\user\Desktop\DSAlgorithms\자료구조와 알고리즘_이채훈\실습보고서 1차\연습문제 #6\#6.cpp(4,7): message : 'const int string'일 수 있습니다.
C:\Program Files\Microsoft Visual Studio\2022\Community\VC\Tools\MSVC\14.37.32822\include\xstring(5119,19): message : 또는       'std::string'
C:\Users\user\Desktop\DSAlgorithms\자료구조와 알고리즘_이채훈\실습보고서 1차\연습문제 #6\#6.cpp(30,9): error C3646: 'getName': 알 수 없는 재정의 지정자입니다.
C:\Users\user\Desktop\DSAlgorithms\자료구조와 알고리즘_이채훈\실습보고서 1차\연습문제 #6\#6.cpp(30,16): error C2059: 구문 오류: '('
C:\Users\user\Desktop\DSAlgorithms\자료구조와 알고리즘_이채훈\실습보고서 1차\연습문제 #6\#6.cpp(30,29): error C2334: '{' 앞에 예기치 않은 토큰이 있습니다. 명백한 함수 본문을 건너뜁니다.
C:\Users\user\Desktop\DSAlgorithms\자료구조와 알고리즘_이채훈\실습보고서 1차\연습문제 #6\#6.cpp(34,2): error C2872: 'string': 모호한 기호입니다.
C:\Users\user\Desktop\DSAlgorithms\자료구조와 알고리즘_이채훈\실습보고서 1차\연습문제 #6\#6.cpp(4,7): message : 'const int string'일 수 있습니다.
C:\Program Files\Microsoft Visual Studio\2022\Community\VC\Tools\MSVC\14.37.32822\include\xstring(5119,19): message : 또는       'std::string'
C:\Users\user\Desktop\DSAlgorithms\자료구조와 알고리즘_이채훈\실습보고서 1차\연습문제 #6\#6.cpp(34,9): error C3646: 'getAccount': 알 수 없는 재정의 지정자입니다.
C:\Users\user\Desktop\DSAlgorithms\자료구조와 알고리즘_이채훈\실습보고서 1차\연습문제 #6\#6.cpp(34,19): error C2059: 구문 오류: '('
C:\Users\user\Desktop\DSAlgorithms\자료구조와 알고리즘_이채훈\실습보고서 1차\연습문제 #6\#6.cpp(34,32): error C2334: '{' 앞에 예기치 않은 토큰이 있습니다. 명백한 함수 본문을 건너뜁니다.
C:\Users\user\Desktop\DSAlgorithms\자료구조와 알고리즘_이채훈\실습보고서 1차\연습문제 #6\#6.cpp(38,2): error C2872: 'string': 모호한 기호입니다.
C:\Users\user\Desktop\DSAlgorithms\자료구조와 알고리즘_이채훈\실습보고서 1차\연습문제 #6\#6.cpp(4,7): message : 'const int string'일 수 있습니다.
C:\Program Files\Microsoft Visual Studio\2022\Community\VC\Tools\MSVC\14.37.32822\include\xstring(5119,19): message : 또는       'std::string'
C:\Users\user\Desktop\DSAlgorithms\자료구조와 알고리즘_이채훈\실습보고서 1차\연습문제 #6\#6.cpp(38,9): error C3646: 'getPass': 알 수 없는 재정의 지정자입니다.
C:\Users\user\Desktop\DSAlgorithms\자료구조와 알고리즘_이채훈\실습보고서 1차\연습문제 #6\#6.cpp(38,16): error C2059: 구문 오류: '('
C:\Users\user\Desktop\DSAlgorithms\자료구조와 알고리즘_이채훈\실습보고서 1차\연습문제 #6\#6.cpp(38,29): error C2334: '{' 앞에 예기치 않은 토큰이 있습니다. 명백한 함수 본문을 건너뜁니다.
C:\Users\user\Desktop\DSAlgorithms\자료구조와 알고리즘_이채훈\실습보고서 1차\연습문제 #6\#6.cpp(23,3): error C2065: 'pass': 선언되지 않은 식별자입니다.
C:\Users\user\Desktop\DSAlgorithms\자료구조와 알고리즘_이채훈\실습보고서 1차\연습문제 #6\#6.cpp(23,10): error C2065: 'newPass': 선언되지 않은 식별자입니다.
C:\Users\user\Desktop\DSAlgorithms\자료구조와 알고리즘_이채훈\실습보고서 1차\연습문제 #6\#6.cpp(46,30): error C2065: 'name': 선언되지 않은 식별자입니다.
C:\Users\user\Desktop\DSAlgorithms\자료구조와 알고리즘_이채훈\실습보고서 1차\연습문제 #6\#6.cpp(47,32): error C2065: 'account': 선언되지 않은 식별자입니다.
C:\Users\user\Desktop\DSAlgorithms\자료구조와 알고리즘_이채훈\실습보고서 1차\연습문제 #6\#6.cpp(48,32): error C2065: 'pass': 선언되지 않은 식별자입니다.
C:\Users\user\Desktop\DSAlgorithms\자료구조와 알고리즘_이채훈\실습보고서 1차\연습문제 #6\#6.cpp(60,2): error C2872: 'string': 모호한 기호입니다.
C:\Users\user\Desktop\DSAlgorithms\자료구조와 알고리즘_이채훈\실습보고서 1차\연습문제 #6\#6.cpp(4,7): message : 'const int string'일 수 있습니다.
C:\Program Files\Microsoft Visual Studio\2022\Community\VC\Tools\MSVC\14.37.32822\include\xstring(5119,19): message : 또는       'std::string'
C:\Users\user\Desktop\DSAlgorithms\자료구조와 알고리즘_이채훈\실습보고서 1차\연습문제 #6\#6.cpp(60,9): error C2146: 구문 오류: ';'이(가) 'account' 식별자 앞에 없습니다.
C:\Users\user\Desktop\DSAlgorithms\자료구조와 알고리즘_이채훈\실습보고서 1차\연습문제 #6\#6.cpp(60,9): error C2065: 'account': 선언되지 않은 식별자입니다.
C:\Users\user\Desktop\DSAlgorithms\자료구조와 알고리즘_이채훈\실습보고서 1차\연습문제 #6\#6.cpp(60,18): error C2065: 'pass': 선언되지 않은 식별자입니다.
C:\Users\user\Desktop\DSAlgorithms\자료구조와 알고리즘_이채훈\실습보고서 1차\연습문제 #6\#6.cpp(60,24): error C2065: 'name': 선언되지 않은 식별자입니다.
C:\Users\user\Desktop\DSAlgorithms\자료구조와 알고리즘_이채훈\실습보고서 1차\연습문제 #6\#6.cpp(64,25): error C2065: 'name': 선언되지 않은 식별자입니다.
C:\Users\user\Desktop\DSAlgorithms\자료구조와 알고리즘_이채훈\실습보고서 1차\연습문제 #6\#6.cpp(65,35): error C2065: 'account': 선언되지 않은 식별자입니다.
C:\Users\user\Desktop\DSAlgorithms\자료구조와 알고리즘_이채훈\실습보고서 1차\연습문제 #6\#6.cpp(66,35): error C2065: 'pass': 선언되지 않은 식별자입니다.
C:\Users\user\Desktop\DSAlgorithms\자료구조와 알고리즘_이채훈\실습보고서 1차\연습문제 #6\#6.cpp(68,18): error C2065: 'account': 선언되지 않은 식별자입니다.
C:\Users\user\Desktop\DSAlgorithms\자료구조와 알고리즘_이채훈\실습보고서 1차\연습문제 #6\#6.cpp(68,27): error C2065: 'pass': 선언되지 않은 식별자입니다.
C:\Users\user\Desktop\DSAlgorithms\자료구조와 알고리즘_이채훈\실습보고서 1차\연습문제 #6\#6.cpp(68,33): error C2065: 'name': 선언되지 않은 식별자입니다.
C:\Users\user\Desktop\DSAlgorithms\자료구조와 알고리즘_이채훈\실습보고서 1차\연습문제 #6\#6.cpp(71,42): error C2065: 'account': 선언되지 않은 식별자입니다.
C:\Users\user\Desktop\DSAlgorithms\자료구조와 알고리즘_이채훈\실습보고서 1차\연습문제 #6\#6.cpp(72,42): error C2065: 'pass': 선언되지 않은 식별자입니다.
C:\Users\user\Desktop\DSAlgorithms\자료구조와 알고리즘_이채훈\실습보고서 1차\연습문제 #6\#6.cpp(75,6): error C2065: 'account': 선언되지 않은 식별자입니다.
C:\Users\user\Desktop\DSAlgorithms\자료구조와 알고리즘_이채훈\실습보고서 1차\연습문제 #6\#6.cpp(75,25): error C2039: 'getAccount': 'AccountClass'의 멤버가 아닙니다.
C:\Users\user\Desktop\DSAlgorithms\자료구조와 알고리즘_이채훈\실습보고서 1차\연습문제 #6\#6.cpp(11,7): message : 'AccountClass' 선언을 참조하십시오.
C:\Users\user\Desktop\DSAlgorithms\자료구조와 알고리즘_이채훈\실습보고서 1차\연습문제 #6\#6.cpp(75,47): error C2065: 'pass': 선언되지 않은 식별자입니다.
C:\Users\user\Desktop\DSAlgorithms\자료구조와 알고리즘_이채훈\실습보고서 1차\연습문제 #6\#6.cpp(75,63): error C2039: 'getPass': 'AccountClass'의 멤버가 아닙니다.
C:\Users\user\Desktop\DSAlgorithms\자료구조와 알고리즘_이채훈\실습보고서 1차\연습문제 #6\#6.cpp(11,7): message : 'AccountClass' 선언을 참조하십시오.
C:\Users\user\Desktop\DSAlgorithms\자료구조와 알고리즘_이채훈\실습보고서 1차\연습문제 #6\#6.cpp(85,15): error C2039: 'getName': 'AccountClass'의 멤버가 아닙니다.
C:\Users\user\Desktop\DSAlgorithms\자료구조와 알고리즘_이채훈\실습보고서 1차\연습문제 #6\#6.cpp(11,7): message : 'AccountClass' 선언을 참조하십시오.
